<?xml version="1.0" encoding="UTF-8"?>
<!-- Generated by org.testng.reporters.JUnitXMLReporter -->
<testsuite ignored="20" hostname="DESKTOP-MNOMKV9" failures="0" tests="4" name="Test_Group" time="64.464" errors="0" timestamp="2023-12-12T17:11:56 IST">
  <testcase classname="testCases.LoginPageTest" name="verifyTitleOfApplicationTest" time="2.725"/>
  <testcase classname="testCases.LoginPageTest" name="verifyURLOfApplicationTest" time="0.122"/>
  <testcase classname="testCases.Inventory_Page2_Test" name="verifyproductsLableTest" time="0.287"/>
  <testcase classname="testCases.Inventory_Page2_Test" name="verifylinkedInLogoTest" time="0.103"/>
  <testcase classname="testCases.Inventory_Page2_Test" name="verifyproductText3Test" time="0.0">
    <ignored/>
  </testcase> <!-- verifyproductText3Test -->
  <testcase classname="testCases.Inventory_Page2_Test" name="verifyproductText6Test" time="0.0">
    <ignored/>
  </testcase> <!-- verifyproductText6Test -->
  <testcase classname="testCases.Inventory_Page2_Test" name="verifyproductText4Test" time="0.0">
    <ignored/>
  </testcase> <!-- verifyproductText4Test -->
  <testcase classname="testCases.Inventory_Page2_Test" name="verifyproductText5Test" time="0.0">
    <ignored/>
  </testcase> <!-- verifyproductText5Test -->
  <testcase classname="testCases.Inventory_Page2_Test" name="verifyTShirtRedTextTest" time="0.0">
    <ignored/>
  </testcase> <!-- verifyTShirtRedTextTest -->
  <testcase classname="testCases.Inventory_Page2_Test" name="verifyBikeLightTextTest" time="0.0">
    <ignored/>
  </testcase> <!-- verifyBikeLightTextTest -->
  <testcase classname="testCases.Inventory_Page2_Test" name="verifyBoltTShirtTextTest" time="0.0">
    <ignored/>
  </testcase> <!-- verifyBoltTShirtTextTest -->
  <testcase classname="testCases.Inventory_Page2_Test" name="verifyproductText2Test" time="0.0">
    <ignored/>
  </testcase> <!-- verifyproductText2Test -->
  <testcase classname="testCases.Inventory_Page2_Test" name="verifyproductstext1Test" time="0.0">
    <ignored/>
  </testcase> <!-- verifyproductstext1Test -->
  <testcase classname="testCases.Inventory_Page2_Test" name="verifyFooterTextTest" time="0.0">
    <ignored/>
  </testcase> <!-- verifyFooterTextTest -->
  <testcase classname="testCases.Inventory_Page2_Test" name="verifyOnesieTextTest" time="0.0">
    <ignored/>
  </testcase> <!-- verifyOnesieTextTest -->
  <testcase classname="testCases.Inventory_Page2_Test" name="verifyfacebookLogoTest" time="0.0">
    <ignored/>
  </testcase> <!-- verifyfacebookLogoTest -->
  <testcase classname="testCases.Inventory_Page2_Test" name="verifyBackpackTextTest" time="0.0">
    <ignored/>
  </testcase> <!-- verifyBackpackTextTest -->
  <testcase classname="testCases.Inventory_Page2_Test" name="verifyJacketTextTest" time="0.0">
    <ignored/>
  </testcase> <!-- verifyJacketTextTest -->
  <testcase classname="testCases.Inventory_Page2_Test" name="verifyappLogoTest" time="0.0">
    <ignored/>
  </testcase> <!-- verifyappLogoTest -->
  <testcase classname="testCases.Inventory_Page2_Test" name="removeProductsTest" time="0.0">
    <ignored/>
  </testcase> <!-- removeProductsTest -->
  <testcase classname="testCases.LoginPageTest" name="loginOfApplicationTest" time="0.0">
    <ignored/>
  </testcase> <!-- loginOfApplicationTest -->
  <testcase classname="testCases.Inventory_Page2_Test" name="verifytwitterLogoTest" time="0.0">
    <ignored/>
  </testcase> <!-- verifytwitterLogoTest -->
  <testcase classname="testCases.Inventory_Page2_Test" name="verifyopenMenuBtnTest" time="0.0">
    <ignored/>
  </testcase> <!-- verifyopenMenuBtnTest -->
  <testcase classname="testCases.Inventory_Page2_Test" name="add6ProductsTest" time="0.0">
    <ignored/>
  </testcase> <!-- add6ProductsTest -->
</testsuite> <!-- Test_Group -->
