<?xml version="1.0" encoding="UTF-8"?>
<!-- Generated by org.testng.reporters.JUnitXMLReporter -->
<testsuite ignored="0" hostname="DESKTOP-MNOMKV9" failures="0" tests="5" name="Default test" time="83.897" errors="0" timestamp="2023-12-16T08:49:04 IST">
  <testcase classname="testCases.VerifyMultipleCredentialsTest" name="loginToAppWithMultiCreds" time="1.33"/>
  <testcase classname="testCases.VerifyMultipleCredentialsTest" name="loginToAppWithMultiCreds" time="1.154"/>
  <testcase classname="testCases.VerifyMultipleCredentialsTest" name="loginToAppWithMultiCreds" time="5.686"/>
  <testcase classname="testCases.VerifyMultipleCredentialsTest" name="loginToAppWithMultiCreds" time="1.376"/>
  <testcase classname="testCases.VerifyMultipleCredentialsTest" name="loginToAppWithMultiCreds" time="0.911"/>
</testsuite> <!-- Default test -->
