<?xml version="1.0" encoding="UTF-8"?>
<!-- Generated by org.testng.reporters.JUnitXMLReporter -->
<testsuite ignored="0" hostname="DESKTOP-MNOMKV9" failures="0" tests="54" name="TestCases" time="1131.768" errors="0" timestamp="2023-12-08T01:46:41 IST">
  <testcase classname="testCases.CompletePage_Test" name="VerifyBackHomeBtnTest" time="0.32"/>
  <testcase classname="testCases.CompletePage_Test" name="VerifyCompletePageTitleTest" time="0.051"/>
  <testcase classname="testCases.CompletePage_Test" name="VerifyImageLogoTest" time="0.066"/>
  <testcase classname="testCases.CompletePage_Test" name="VerifyThankYouMsgTest" time="0.046"/>
  <testcase classname="testCases.CompletePage_Test" name="VerifyURLofCompletePage" time="0.014"/>
  <testcase classname="testCases.CompletePage_Test" name="VerifyYourOrderMsgTest" time="0.043"/>
  <testcase classname="testCases.CheckoutPage2_Test" name="VefiyTotalFinalPriceTest" time="0.053"/>
  <testcase classname="testCases.CheckoutPage2_Test" name="VerifyCancelBtnTest" time="0.047"/>
  <testcase classname="testCases.CheckoutPage2_Test" name="VerifyCheckoutPage2TitleTest" time="0.067"/>
  <testcase classname="testCases.CheckoutPage2_Test" name="VerifyFinishBtnTest" time="0.152"/>
  <testcase classname="testCases.CheckoutPage2_Test" name="VerifyShippingInfoLableTest" time="0.036"/>
  <testcase classname="testCases.CheckoutPage2_Test" name="VerifyTotalPriceLableTest" time="0.046"/>
  <testcase classname="testCases.CheckoutPage2_Test" name="VerifyURLofChekoutPage2Test" time="0.05"/>
  <testcase classname="testCases.CartPageTest" name="VerifyURLofCartPageTest" time="0.009"/>
  <testcase classname="testCases.CartPageTest" name="VerifyURLofCheckOutPageTest" time="0.3"/>
  <testcase classname="testCases.CartPageTest" name="VerifyshoppingCartPageTest" time="0.191"/>
  <testcase classname="testCases.CartPageTest" name="remove3ProductCartPageTest" time="2.566"/>
  <testcase classname="testCases.CartPageTest" name="verifyCart3linesTest" time="0.047"/>
  <testcase classname="testCases.CartPageTest" name="verifyCartCheckOutBtnTest" time="0.037"/>
  <testcase classname="testCases.CartPageTest" name="verifyCartDescriptionLableTest" time="0.035"/>
  <testcase classname="testCases.CartPageTest" name="verifyCartFacebookLogoTest" time="0.04"/>
  <testcase classname="testCases.CartPageTest" name="verifyCartLinkedInLogoTest" time="0.064"/>
  <testcase classname="testCases.CartPageTest" name="verifyCartPageTitle" time="0.08"/>
  <testcase classname="testCases.CartPageTest" name="verifyCartQTYLableTest" time="0.036"/>
  <testcase classname="testCases.CartPageTest" name="verifyCartTwitterLogoTest" time="0.044"/>
  <testcase classname="testCases.CartPageTest" name="verifyContinueShoppingCartBtnTest" time="0.032"/>
  <testcase classname="testCases.CartPageTest" name="verifyFooterTxtCartPageTest" time="0.044"/>
  <testcase classname="testCases.LoginPageTest" name="loginOfApplicationTest" time="0.947"/>
  <testcase classname="testCases.LoginPageTest" name="verifyTitleOfApplicationTest" time="0.087"/>
  <testcase classname="testCases.LoginPageTest" name="verifyURLOfApplicationTest" time="0.04"/>
  <testcase classname="testCases.Inventory_Page2_Test" name="add6ProductsTest" time="3.71"/>
  <testcase classname="testCases.Inventory_Page2_Test" name="removeProductsTest" time="5.636"/>
  <testcase classname="testCases.Inventory_Page2_Test" name="verifyBackpackTextTest" time="0.078"/>
  <testcase classname="testCases.Inventory_Page2_Test" name="verifyBikeLightTextTest" time="0.173"/>
  <testcase classname="testCases.Inventory_Page2_Test" name="verifyBoltTShirtTextTest" time="0.171"/>
  <testcase classname="testCases.Inventory_Page2_Test" name="verifyFooterTextTest" time="0.084"/>
  <testcase classname="testCases.Inventory_Page2_Test" name="verifyJacketTextTest" time="0.115"/>
  <testcase classname="testCases.Inventory_Page2_Test" name="verifyOnesieTextTest" time="0.057"/>
  <testcase classname="testCases.Inventory_Page2_Test" name="verifyTShirtRedTextTest" time="0.369"/>
  <testcase classname="testCases.Inventory_Page2_Test" name="verifyappLogoTest" time="0.299"/>
  <testcase classname="testCases.Inventory_Page2_Test" name="verifyfacebookLogoTest" time="0.075"/>
  <testcase classname="testCases.Inventory_Page2_Test" name="verifylinkedInLogoTest" time="0.118"/>
  <testcase classname="testCases.Inventory_Page2_Test" name="verifyopenMenuBtnTest" time="0.81"/>
  <testcase classname="testCases.Inventory_Page2_Test" name="verifyproductText2Test" time="0.269"/>
  <testcase classname="testCases.Inventory_Page2_Test" name="verifyproductText3Test" time="0.271"/>
  <testcase classname="testCases.Inventory_Page2_Test" name="verifyproductText4Test" time="0.226"/>
  <testcase classname="testCases.Inventory_Page2_Test" name="verifyproductText5Test" time="0.155"/>
  <testcase classname="testCases.Inventory_Page2_Test" name="verifyproductText6Test" time="0.071"/>
  <testcase classname="testCases.Inventory_Page2_Test" name="verifyproductsLableTest" time="0.14"/>
  <testcase classname="testCases.Inventory_Page2_Test" name="verifyproductstext1Test" time="0.174"/>
  <testcase classname="testCases.Inventory_Page2_Test" name="verifytwitterLogoTest" time="0.183"/>
  <testcase classname="testCases.CheckoutPage1_Test" name="InformationCheckOutPage1Test" time="7.025"/>
  <testcase classname="testCases.CheckoutPage1_Test" name="VerifyCheckOutPage1TitleTest" time="0.128"/>
  <testcase classname="testCases.CheckoutPage1_Test" name="VerifyURLofCheckOutPage1Test" time="0.007"/>
</testsuite> <!-- TestCases -->
