<?xml version="1.0" encoding="UTF-8"?>
<testng-results ignored="0" total="5" passed="5" failed="0" skipped="0">
  <reporter-output>
  </reporter-output>
  <suite started-at="2023-12-16T08:47:40 IST" name="Default suite" finished-at="2023-12-16T08:49:04 IST" duration-ms="83897">
    <groups>
    </groups>
    <test started-at="2023-12-16T08:47:40 IST" name="Default test" finished-at="2023-12-16T08:49:04 IST" duration-ms="83897">
      <class name="testCases.VerifyMultipleCredentialsTest">
        <test-method is-config="true" signature="setup()[pri:0, instance:testCases.VerifyMultipleCredentialsTest@6da21078]" started-at="2023-12-16T08:47:41 IST" name="setup" finished-at="2023-12-16T08:48:10 IST" duration-ms="29366" status="PASS">
          <reporter-output>
          </reporter-output>
        </test-method> <!-- setup -->
        <test-method signature="loginToAppWithMultiCreds(java.lang.String,java.lang.String)[pri:0, instance:testCases.VerifyMultipleCredentialsTest@6da21078]" started-at="2023-12-16T08:48:10 IST" name="loginToAppWithMultiCreds" data-provider="Credentials" finished-at="2023-12-16T08:48:11 IST" duration-ms="1330" status="PASS">
          <params>
            <param index="0">
              <value>
                <![CDATA[standard_user]]>
              </value>
            </param>
            <param index="1">
              <value>
                <![CDATA[secret_sauce]]>
              </value>
            </param>
          </params>
          <reporter-output>
          </reporter-output>
        </test-method> <!-- loginToAppWithMultiCreds -->
        <test-method is-config="true" signature="closerBrowser(org.testng.ITestResult)[pri:0, instance:testCases.VerifyMultipleCredentialsTest@6da21078]" started-at="2023-12-16T08:48:11 IST" name="closerBrowser" finished-at="2023-12-16T08:48:12 IST" duration-ms="567" status="PASS">
          <params>
            <param index="0">
              <value>
                <![CDATA[[TestResult name=loginToAppWithMultiCreds status=SUCCESS method=VerifyMultipleCredentialsTest.loginToAppWithMultiCreds(java.lang.String,java.lang.String)[pri:0, instance:testCases.VerifyMultipleCredentialsTest@6da21078] output={null}]]]>
              </value>
            </param>
          </params>
          <reporter-output>
          </reporter-output>
        </test-method> <!-- closerBrowser -->
        <test-method is-config="true" signature="setup()[pri:0, instance:testCases.VerifyMultipleCredentialsTest@6da21078]" started-at="2023-12-16T08:48:12 IST" name="setup" finished-at="2023-12-16T08:48:22 IST" duration-ms="10540" status="PASS">
          <reporter-output>
          </reporter-output>
        </test-method> <!-- setup -->
        <test-method signature="loginToAppWithMultiCreds(java.lang.String,java.lang.String)[pri:0, instance:testCases.VerifyMultipleCredentialsTest@6da21078]" started-at="2023-12-16T08:48:22 IST" name="loginToAppWithMultiCreds" data-provider="Credentials" finished-at="2023-12-16T08:48:24 IST" duration-ms="1154" status="PASS">
          <params>
            <param index="0">
              <value>
                <![CDATA[problem_user]]>
              </value>
            </param>
            <param index="1">
              <value>
                <![CDATA[secret_sauce]]>
              </value>
            </param>
          </params>
          <reporter-output>
          </reporter-output>
        </test-method> <!-- loginToAppWithMultiCreds -->
        <test-method is-config="true" signature="closerBrowser(org.testng.ITestResult)[pri:0, instance:testCases.VerifyMultipleCredentialsTest@6da21078]" started-at="2023-12-16T08:48:24 IST" name="closerBrowser" finished-at="2023-12-16T08:48:24 IST" duration-ms="517" status="PASS">
          <params>
            <param index="0">
              <value>
                <![CDATA[[TestResult name=loginToAppWithMultiCreds status=SUCCESS method=VerifyMultipleCredentialsTest.loginToAppWithMultiCreds(java.lang.String,java.lang.String)[pri:0, instance:testCases.VerifyMultipleCredentialsTest@6da21078] output={null}]]]>
              </value>
            </param>
          </params>
          <reporter-output>
          </reporter-output>
        </test-method> <!-- closerBrowser -->
        <test-method is-config="true" signature="setup()[pri:0, instance:testCases.VerifyMultipleCredentialsTest@6da21078]" started-at="2023-12-16T08:48:24 IST" name="setup" finished-at="2023-12-16T08:48:34 IST" duration-ms="9543" status="PASS">
          <reporter-output>
          </reporter-output>
        </test-method> <!-- setup -->
        <test-method signature="loginToAppWithMultiCreds(java.lang.String,java.lang.String)[pri:0, instance:testCases.VerifyMultipleCredentialsTest@6da21078]" started-at="2023-12-16T08:48:34 IST" name="loginToAppWithMultiCreds" data-provider="Credentials" finished-at="2023-12-16T08:48:39 IST" duration-ms="5686" status="PASS">
          <params>
            <param index="0">
              <value>
                <![CDATA[performance_glitch_user]]>
              </value>
            </param>
            <param index="1">
              <value>
                <![CDATA[secret_sauce]]>
              </value>
            </param>
          </params>
          <reporter-output>
          </reporter-output>
        </test-method> <!-- loginToAppWithMultiCreds -->
        <test-method is-config="true" signature="closerBrowser(org.testng.ITestResult)[pri:0, instance:testCases.VerifyMultipleCredentialsTest@6da21078]" started-at="2023-12-16T08:48:39 IST" name="closerBrowser" finished-at="2023-12-16T08:48:40 IST" duration-ms="642" status="PASS">
          <params>
            <param index="0">
              <value>
                <![CDATA[[TestResult name=loginToAppWithMultiCreds status=SUCCESS method=VerifyMultipleCredentialsTest.loginToAppWithMultiCreds(java.lang.String,java.lang.String)[pri:0, instance:testCases.VerifyMultipleCredentialsTest@6da21078] output={null}]]]>
              </value>
            </param>
          </params>
          <reporter-output>
          </reporter-output>
        </test-method> <!-- closerBrowser -->
        <test-method is-config="true" signature="setup()[pri:0, instance:testCases.VerifyMultipleCredentialsTest@6da21078]" started-at="2023-12-16T08:48:40 IST" name="setup" finished-at="2023-12-16T08:48:49 IST" duration-ms="8950" status="PASS">
          <reporter-output>
          </reporter-output>
        </test-method> <!-- setup -->
        <test-method signature="loginToAppWithMultiCreds(java.lang.String,java.lang.String)[pri:0, instance:testCases.VerifyMultipleCredentialsTest@6da21078]" started-at="2023-12-16T08:48:49 IST" name="loginToAppWithMultiCreds" data-provider="Credentials" finished-at="2023-12-16T08:48:50 IST" duration-ms="1376" status="PASS">
          <params>
            <param index="0">
              <value>
                <![CDATA[error_user]]>
              </value>
            </param>
            <param index="1">
              <value>
                <![CDATA[secret_sauce]]>
              </value>
            </param>
          </params>
          <reporter-output>
          </reporter-output>
        </test-method> <!-- loginToAppWithMultiCreds -->
        <test-method is-config="true" signature="closerBrowser(org.testng.ITestResult)[pri:0, instance:testCases.VerifyMultipleCredentialsTest@6da21078]" started-at="2023-12-16T08:48:50 IST" name="closerBrowser" finished-at="2023-12-16T08:48:51 IST" duration-ms="788" status="PASS">
          <params>
            <param index="0">
              <value>
                <![CDATA[[TestResult name=loginToAppWithMultiCreds status=SUCCESS method=VerifyMultipleCredentialsTest.loginToAppWithMultiCreds(java.lang.String,java.lang.String)[pri:0, instance:testCases.VerifyMultipleCredentialsTest@6da21078] output={null}]]]>
              </value>
            </param>
          </params>
          <reporter-output>
          </reporter-output>
        </test-method> <!-- closerBrowser -->
        <test-method is-config="true" signature="setup()[pri:0, instance:testCases.VerifyMultipleCredentialsTest@6da21078]" started-at="2023-12-16T08:48:51 IST" name="setup" finished-at="2023-12-16T08:49:03 IST" duration-ms="11673" status="PASS">
          <reporter-output>
          </reporter-output>
        </test-method> <!-- setup -->
        <test-method signature="loginToAppWithMultiCreds(java.lang.String,java.lang.String)[pri:0, instance:testCases.VerifyMultipleCredentialsTest@6da21078]" started-at="2023-12-16T08:49:03 IST" name="loginToAppWithMultiCreds" data-provider="Credentials" finished-at="2023-12-16T08:49:04 IST" duration-ms="911" status="PASS">
          <params>
            <param index="0">
              <value>
                <![CDATA[visual_user]]>
              </value>
            </param>
            <param index="1">
              <value>
                <![CDATA[secret_sauce]]>
              </value>
            </param>
          </params>
          <reporter-output>
          </reporter-output>
        </test-method> <!-- loginToAppWithMultiCreds -->
        <test-method is-config="true" signature="closerBrowser(org.testng.ITestResult)[pri:0, instance:testCases.VerifyMultipleCredentialsTest@6da21078]" started-at="2023-12-16T08:49:04 IST" name="closerBrowser" finished-at="2023-12-16T08:49:04 IST" duration-ms="546" status="PASS">
          <params>
            <param index="0">
              <value>
                <![CDATA[[TestResult name=loginToAppWithMultiCreds status=SUCCESS method=VerifyMultipleCredentialsTest.loginToAppWithMultiCreds(java.lang.String,java.lang.String)[pri:0, instance:testCases.VerifyMultipleCredentialsTest@6da21078] output={null}]]]>
              </value>
            </param>
          </params>
          <reporter-output>
          </reporter-output>
        </test-method> <!-- closerBrowser -->
      </class> <!-- testCases.VerifyMultipleCredentialsTest -->
    </test> <!-- Default test -->
  </suite> <!-- Default suite -->
</testng-results>
